mode: set
github.com/andygeiss/cloud-native-store/internal/app/core/services/object.go:23.58,27.2 1 1
github.com/andygeiss/cloud-native-store/internal/app/core/services/object.go:30.77,32.48 1 1
github.com/andygeiss/cloud-native-store/internal/app/core/services/object.go:32.48,33.66 1 1
github.com/andygeiss/cloud-native-store/internal/app/core/services/object.go:33.66,36.4 2 1
github.com/andygeiss/cloud-native-store/internal/app/core/services/object.go:39.2,45.16 6 1
github.com/andygeiss/cloud-native-store/internal/app/core/services/object.go:45.16,47.3 1 0
github.com/andygeiss/cloud-native-store/internal/app/core/services/object.go:49.2,49.17 1 1
github.com/andygeiss/cloud-native-store/internal/app/core/services/object.go:49.17,51.3 1 1
github.com/andygeiss/cloud-native-store/internal/app/core/services/object.go:53.2,53.12 1 1
github.com/andygeiss/cloud-native-store/internal/app/core/services/object.go:57.88,59.48 1 1
github.com/andygeiss/cloud-native-store/internal/app/core/services/object.go:59.48,60.56 1 1
github.com/andygeiss/cloud-native-store/internal/app/core/services/object.go:60.56,62.4 1 1
github.com/andygeiss/cloud-native-store/internal/app/core/services/object.go:65.2,71.16 6 1
github.com/andygeiss/cloud-native-store/internal/app/core/services/object.go:71.16,73.3 1 0
github.com/andygeiss/cloud-native-store/internal/app/core/services/object.go:75.2,78.19 3 1
github.com/andygeiss/cloud-native-store/internal/app/core/services/object.go:82.81,86.48 2 1
github.com/andygeiss/cloud-native-store/internal/app/core/services/object.go:86.48,87.56 1 1
github.com/andygeiss/cloud-native-store/internal/app/core/services/object.go:87.56,90.4 2 1
github.com/andygeiss/cloud-native-store/internal/app/core/services/object.go:93.2,99.16 6 1
github.com/andygeiss/cloud-native-store/internal/app/core/services/object.go:99.16,101.3 1 0
github.com/andygeiss/cloud-native-store/internal/app/core/services/object.go:103.2,103.17 1 1
github.com/andygeiss/cloud-native-store/internal/app/core/services/object.go:103.17,105.3 1 1
github.com/andygeiss/cloud-native-store/internal/app/core/services/object.go:107.2,107.12 1 1
github.com/andygeiss/cloud-native-store/internal/app/core/services/object.go:112.45,115.17 1 1
github.com/andygeiss/cloud-native-store/internal/app/core/services/object.go:115.17,117.3 1 0
github.com/andygeiss/cloud-native-store/internal/app/core/services/object.go:120.2,126.6 4 1
github.com/andygeiss/cloud-native-store/internal/app/core/services/object.go:126.6,127.10 1 1
github.com/andygeiss/cloud-native-store/internal/app/core/services/object.go:128.31,129.11 1 1
github.com/andygeiss/cloud-native-store/internal/app/core/services/object.go:129.11,132.5 1 1
github.com/andygeiss/cloud-native-store/internal/app/core/services/object.go:134.4,134.27 1 1
github.com/andygeiss/cloud-native-store/internal/app/core/services/object.go:135.37,137.57 1 0
github.com/andygeiss/cloud-native-store/internal/app/core/services/object.go:137.57,139.6 1 0
github.com/andygeiss/cloud-native-store/internal/app/core/services/object.go:140.34,142.67 1 1
github.com/andygeiss/cloud-native-store/internal/app/core/services/object.go:142.67,144.6 1 0
github.com/andygeiss/cloud-native-store/internal/app/core/services/object.go:146.27,148.24 1 1
github.com/andygeiss/cloud-native-store/internal/app/core/services/object.go:148.24,150.5 1 0
github.com/andygeiss/cloud-native-store/internal/app/core/services/object.go:156.36,157.37 1 0
github.com/andygeiss/cloud-native-store/internal/app/core/services/object.go:157.37,159.3 1 0
github.com/andygeiss/cloud-native-store/internal/app/core/services/object.go:163.107,166.2 2 1
github.com/andygeiss/cloud-native-store/internal/app/core/services/object.go:169.88,172.2 2 1
